<?xml version="1.0" encoding="UTF-8"?>
<testng-results skipped="0" failed="0" ignored="0" total="1" passed="1">
  <reporter-output>
  </reporter-output>
  <suite name="Default suite" duration-ms="317" started-at="2017-03-11T16:59:12Z" finished-at="2017-03-11T16:59:13Z">
    <groups>
    </groups>
    <test name="Default test" duration-ms="317" started-at="2017-03-11T16:59:12Z" finished-at="2017-03-11T16:59:13Z">
      <class name="Game_DBTest">
        <test-method status="PASS" signature="LoadFields()[pri:0, instance:Game_DBTest@66d2e7d9]" name="LoadFields" duration-ms="262" started-at="2017-03-11T18:59:12Z" finished-at="2017-03-11T18:59:13Z">
          <reporter-output>
          </reporter-output>
        </test-method> <!-- LoadFields -->
      </class> <!-- Game_DBTest -->
    </test> <!-- Default test -->
  </suite> <!-- Default suite -->
</testng-results>
