<?xml version="1.0" encoding="UTF-8"?>
<!-- Generated by org.testng.reporters.JUnitXMLReporter -->
<testsuite hostname="Remon" ignored="0" name="Default test" tests="4" failures="0" timestamp="29 Apr 2017 17:34:39 GMT" time="0.087" errors="0">
  <testcase name="getCourseByTeacherMail" time="0.0" classname="swe2.springbootstarter.course.CourseServiceTest">
    <skipped/>
  </testcase> <!-- getCourseByTeacherMail -->
  <testcase name="getAllGames" time="0.0" classname="swe2.springbootstarter.course.GameServiceTest">
    <skipped/>
  </testcase> <!-- getAllGames -->
  <testcase name="getGame" time="0.0" classname="swe2.springbootstarter.course.GameServiceTest">
    <skipped/>
  </testcase> <!-- getGame -->
  <testcase name="isGameExist" time="0.0" classname="swe2.springbootstarter.course.GameServiceTest">
    <skipped/>
  </testcase> <!-- isGameExist -->
</testsuite> <!-- Default test -->
