<?xml version="1.0" encoding="UTF-8"?>
<!-- Generated by org.testng.reporters.JUnitXMLReporter -->
<testsuite hostname="DESKTOP-U5EM0KH" ignored="0" name="Default test" tests="3" failures="0" timestamp="21 May 2017 08:45:15 GMT" time="0.063" errors="0">
  <testcase name="getAllGames" time="0.0" classname="swe2.springbootstarter.course.GameServiceTest">
    <skipped/>
  </testcase> <!-- getAllGames -->
  <testcase name="getGame" time="0.0" classname="swe2.springbootstarter.course.GameServiceTest">
    <skipped/>
  </testcase> <!-- getGame -->
  <testcase name="isGameExist" time="0.0" classname="swe2.springbootstarter.course.GameServiceTest">
    <skipped/>
  </testcase> <!-- isGameExist -->
</testsuite> <!-- Default test -->
